<?xml version="1.0" encoding="UTF-8" ?>
<testsuite errors="1" failures="0" hostname="localhost" name="Test" skipped="0" tests="1" time="0.79" timestamp="2015-04-06T19:57:47">
  <properties>
[...]
</properties>
  <testcase classname="Test" name="initializationError" time="0.007">
    <error message="No runnable methods" type="java.lang.Exception">java.lang.Exception: No runnable methods
	at java.lang.reflect.Constructor.newInstance(Constructor.java:526)
</error>
  </testcase>
  <system-out><![CDATA[Loading class Test
+++ Method name: <init>
[]
--- Method name: <init>
+++ Method name: methodToBeIntercepted
[Ljava/lang/String;, Ljava/lang/Object;, F]
--- Method name: methodToBeIntercepted
+++ Method name: main
[]
--- Method name: main
Loading class junit.framework.TestCase
Loading class junit.framework.Assert
Loading class org.apache.tools.ant.taskdefs.optional.junit.CustomJUnit4TestAdapterCache
Loading class junit.framework.JUnit4TestAdapterCache
Loading class org.junit.runner.notification.RunListener
Loading class junit.framework.JUnit4TestAdapterCache$1
Loading class org.apache.tools.ant.taskdefs.optional.junit.CustomJUnit4TestAdapterCache$1
Loading class junit.framework.JUnit4TestAdapter
Loading class org.junit.runner.manipulation.Filterable
Loading class org.junit.runner.manipulation.Sortable
Loading class org.junit.runner.Describable
Loading class org.junit.runner.notification.RunNotifier
Loading class org.junit.runner.Request
Loading class org.junit.runner.Request$1
Loading class org.junit.runners.model.InitializationError
Loading class org.junit.runners.model.RunnerBuilder
Loading class org.junit.internal.builders.AllDefaultPossibilitiesBuilder
Loading class org.junit.internal.requests.SortingRequest
Loading class org.junit.internal.requests.FilterRequest
Loading class org.junit.runner.Runner
Loading class org.junit.internal.runners.ErrorReportingRunner
Loading class org.junit.internal.requests.ClassRequest
Loading class org.junit.internal.builders.SuiteMethodBuilder
Loading class org.junit.internal.builders.NullBuilder
Loading class org.junit.internal.builders.IgnoredBuilder
Loading class org.junit.internal.builders.IgnoredClassRunner
Loading class org.junit.internal.builders.AnnotatedBuilder
Loading class org.junit.internal.builders.JUnit3Builder
Loading class org.junit.internal.runners.JUnit38ClassRunner
Loading class org.junit.internal.builders.JUnit4Builder
Loading class org.junit.runners.BlockJUnit4ClassRunner
Loading class org.junit.runners.ParentRunner
Loading class org.junit.Ignore
Loading class org.junit.runner.RunWith
Loading class org.junit.runner.manipulation.NoTestsRemainException
Loading class org.junit.runner.notification.StoppedByUserException
Loading class org.junit.internal.AssumptionViolatedException
Loading class org.hamcrest.SelfDescribing
Loading class org.junit.runners.model.Statement
Loading class org.junit.runners.model.RunnerScheduler
Loading class org.junit.runners.ParentRunner$2
Loading class org.junit.rules.RunRules
Loading class org.junit.internal.runners.statements.RunAfters
Loading class org.junit.internal.runners.statements.RunBefores
Loading class org.junit.internal.runners.statements.FailOnTimeout
Loading class org.junit.internal.runners.statements.ExpectException
Loading class org.junit.internal.runners.statements.InvokeMethod
Loading class org.junit.internal.runners.statements.Fail
Loading class org.junit.runner.manipulation.Sorter
Loading class org.junit.runner.manipulation.Sorter$1
Loading class org.junit.runners.ParentRunner$1
Loading class org.junit.runners.model.TestClass
Loading class org.junit.runners.model.FrameworkMember
Loading class org.junit.runners.model.FrameworkMethod
Loading class org.junit.runners.model.FrameworkField
Loading class org.junit.BeforeClass
Loading class org.junit.AfterClass
Loading class org.junit.internal.runners.rules.RuleFieldValidator
Loading class org.junit.ClassRule
Loading class org.junit.Rule
Loading class org.junit.Assert
Loading class org.junit.ComparisonFailure
Loading class org.hamcrest.Description
Loading class org.junit.After
Loading class org.junit.Before
Loading class org.junit.Test
Loading class org.apache.tools.ant.util.StringUtils
Loading class javax.xml.parsers.DocumentBuilderFactory
Loading class javax.xml.parsers.FactoryFinder$ConfigurationError
Loading class javax.xml.parsers.FactoryConfigurationError
Loading class javax.xml.parsers.FactoryFinder
Loading class javax.xml.parsers.SecuritySupport
Loading class javax.xml.parsers.SecuritySupport$2
Loading class javax.xml.parsers.SecuritySupport$5
Loading class javax.xml.parsers.SecuritySupport$1
Loading class javax.xml.parsers.SecuritySupport$4
Loading class com.sun.org.apache.xerces.internal.jaxp.DocumentBuilderFactoryImpl
Loading class org.xml.sax.SAXException
Loading class javax.xml.parsers.ParserConfigurationException
Loading class javax.xml.parsers.DocumentBuilder
Loading class com.sun.org.apache.xerces.internal.jaxp.DocumentBuilderImpl
Loading class com.sun.org.apache.xerces.internal.jaxp.JAXPConstants
Loading class org.xml.sax.SAXNotSupportedException
Loading class org.xml.sax.SAXNotRecognizedException
Loading class org.w3c.dom.Document
Loading class org.xml.sax.ErrorHandler
Loading class com.sun.org.apache.xerces.internal.xni.XMLDTDHandler
Loading class com.sun.org.apache.xerces.internal.xni.parser.XMLDTDSource
Loading class com.sun.org.apache.xerces.internal.xni.parser.XMLComponentManager
Loading class com.sun.org.apache.xerces.internal.xni.parser.XMLComponent
Loading class com.sun.org.apache.xerces.internal.xni.XMLDocumentHandler
Loading class com.sun.org.apache.xerces.internal.xni.parser.XMLConfigurationException
Loading class com.sun.org.apache.xerces.internal.xni.XNIException
Loading class com.sun.org.apache.xerces.internal.parsers.DOMParser
Loading class com.sun.org.apache.xerces.internal.parsers.AbstractDOMParser
Loading class com.sun.org.apache.xerces.internal.parsers.AbstractXMLDocumentParser
Loading class com.sun.org.apache.xerces.internal.xni.XMLDTDContentModelHandler
Loading class com.sun.org.apache.xerces.internal.parsers.XMLParser
Loading class com.sun.org.apache.xerces.internal.parsers.AbstractDOMParser$Abort
Loading class com.sun.org.apache.xerces.internal.xs.XSTypeDefinition
Loading class com.sun.org.apache.xerces.internal.xs.XSObject
Loading class org.w3c.dom.DOMError
Loading class com.sun.org.apache.xerces.internal.xni.parser.XMLParseException
Loading class org.xml.sax.Locator
Loading class org.xml.sax.SAXParseException
Loading class com.sun.org.apache.xerces.internal.xni.parser.XMLParserConfiguration
Loading class org.xml.sax.EntityResolver
Loading class com.sun.org.apache.xerces.internal.parsers.XIncludeAwareParserConfiguration
Loading class com.sun.org.apache.xerces.internal.parsers.XML11Configuration
Loading class com.sun.org.apache.xerces.internal.xni.parser.XMLPullParserConfiguration
Loading class com.sun.org.apache.xerces.internal.parsers.XML11Configurable
Loading class com.sun.org.apache.xerces.internal.util.ParserConfigurationSettings
Loading class com.sun.org.apache.xerces.internal.xni.XMLLocator
Loading class com.sun.org.apache.xerces.internal.xni.parser.XMLDTDScanner
Loading class com.sun.org.apache.xerces.internal.xni.parser.XMLDTDContentModelSource
Loading class com.sun.org.apache.xerces.internal.impl.dtd.XMLDTDValidator
Loading class com.sun.org.apache.xerces.internal.xni.parser.XMLDocumentFilter
Loading class com.sun.org.apache.xerces.internal.xni.parser.XMLDocumentSource
Loading class com.sun.org.apache.xerces.internal.impl.dtd.XMLDTDValidatorFilter
Loading class com.sun.org.apache.xerces.internal.impl.RevalidationHandler
Loading class com.sun.org.apache.xerces.internal.impl.dtd.XMLNSDTDValidator
Loading class com.sun.org.apache.xerces.internal.util.MessageFormatter
Loading class com.sun.org.apache.xerces.internal.xni.parser.XMLDocumentScanner
Loading class com.sun.org.apache.xerces.internal.xni.NamespaceContext
Loading class com.sun.org.apache.xerces.internal.util.SymbolTable
Loading class com.sun.org.apache.xerces.internal.util.SymbolTable$Entry
Loading class com.sun.org.apache.xerces.internal.impl.XMLEntityManager
Loading class com.sun.org.apache.xerces.internal.xni.parser.XMLEntityResolver
Loading class com.sun.org.apache.xerces.internal.xni.Augmentations
Loading class com.sun.org.apache.xerces.internal.util.URI$MalformedURIException
Loading class com.sun.org.apache.xerces.internal.xni.XMLResourceIdentifier
Loading class com.sun.org.apache.xerces.internal.impl.XMLEntityScanner
Loading class com.sun.org.apache.xerces.internal.impl.XML11EntityScanner
Loading class com.sun.org.apache.xerces.internal.impl.XMLEntityManager$RewindableInputStream
Loading class com.sun.xml.internal.stream.Entity
Loading class com.sun.xml.internal.stream.Entity$ScannedEntity
Loading class com.sun.org.apache.xerces.internal.impl.io.UTF8Reader
Loading class com.sun.org.apache.xerces.internal.impl.io.ASCIIReader
Loading class com.sun.org.apache.xerces.internal.impl.io.UCSReader
Loading class com.sun.org.apache.xerces.internal.util.XMLResourceIdentifierImpl
Loading class com.sun.org.apache.xerces.internal.util.AugmentationsImpl
Loading class com.sun.org.apache.xerces.internal.util.AugmentationsImpl$AugmentationsItemsContainer
Loading class com.sun.org.apache.xerces.internal.util.AugmentationsImpl$SmallContainer
Loading class com.sun.org.apache.xerces.internal.util.AugmentationsImpl$LargeContainer
Loading class com.sun.org.apache.xerces.internal.impl.XMLEntityManager$CharacterBufferPool
Loading class com.sun.org.apache.xerces.internal.impl.XMLEntityManager$CharacterBuffer
Loading class com.sun.xml.internal.stream.XMLEntityStorage
Loading class com.sun.org.apache.xerces.internal.impl.XMLEntityScanner$1
Loading class com.sun.org.apache.xerces.internal.impl.XMLErrorReporter
Loading class com.sun.org.apache.xerces.internal.xni.parser.XMLErrorHandler
Loading class com.sun.org.apache.xerces.internal.impl.XMLNSDocumentScannerImpl
Loading class com.sun.org.apache.xerces.internal.impl.XMLDocumentScannerImpl
Loading class com.sun.org.apache.xerces.internal.impl.XMLDocumentFragmentScannerImpl
Loading class com.sun.org.apache.xerces.internal.impl.XMLEntityHandler
Loading class com.sun.xml.internal.stream.XMLBufferListener
Loading class com.sun.org.apache.xerces.internal.impl.XMLScanner
Loading class com.sun.org.apache.xerces.internal.xni.XMLString
Loading class com.sun.org.apache.xerces.internal.util.XMLStringBuffer
Loading class com.sun.org.apache.xerces.internal.xni.XMLAttributes
Loading class com.sun.org.apache.xerces.internal.impl.XMLDocumentFragmentScannerImpl$Driver
Loading class com.sun.org.apache.xerces.internal.xni.grammars.XMLDTDDescription
Loading class com.sun.org.apache.xerces.internal.xni.grammars.XMLGrammarDescription
Loading class com.sun.org.apache.xerces.internal.util.XMLAttributesImpl
Loading class com.sun.org.apache.xerces.internal.util.XMLAttributesIteratorImpl
Loading class com.sun.org.apache.xerces.internal.impl.XMLDocumentFragmentScannerImpl$ElementStack
Loading class com.sun.org.apache.xerces.internal.xni.QName
Loading class com.sun.org.apache.xerces.internal.impl.XMLDocumentFragmentScannerImpl$ElementStack2
Loading class com.sun.org.apache.xerces.internal.impl.XMLNSDocumentScannerImpl$NSContentDriver
Loading class com.sun.org.apache.xerces.internal.impl.XMLDocumentScannerImpl$ContentDriver
Loading class com.sun.org.apache.xerces.internal.impl.XMLDocumentFragmentScannerImpl$FragmentContentDriver
Loading class com.sun.org.apache.xerces.internal.util.XMLAttributesImpl$Attribute
Loading class com.sun.org.apache.xerces.internal.util.NamespaceSupport
Loading class com.sun.org.apache.xerces.internal.impl.XMLDocumentScannerImpl$XMLDeclDriver
Loading class com.sun.org.apache.xerces.internal.impl.XMLDocumentScannerImpl$PrologDriver
Loading class com.sun.org.apache.xerces.internal.impl.XMLDocumentScannerImpl$TrailingMiscDriver
Loading class com.sun.org.apache.xerces.internal.impl.dtd.XMLDTDDescription
Loading class com.sun.org.apache.xerces.internal.impl.XMLDTDScannerImpl
Loading class com.sun.org.apache.xerces.internal.impl.dtd.XMLDTDProcessor
Loading class com.sun.org.apache.xerces.internal.xni.parser.XMLDTDFilter
Loading class com.sun.org.apache.xerces.internal.xni.parser.XMLDTDContentModelFilter
Loading class com.sun.org.apache.xerces.internal.impl.dtd.XMLEntityDecl
Loading class com.sun.org.apache.xerces.internal.impl.dtd.DTDGrammar
Loading class com.sun.org.apache.xerces.internal.impl.validation.EntityState
Loading class com.sun.org.apache.xerces.internal.xni.grammars.Grammar
Loading class com.sun.org.apache.xerces.internal.impl.dtd.BalancedDTDGrammar
Loading class com.sun.org.apache.xerces.internal.impl.dv.InvalidDatatypeValueException
Loading class com.sun.org.apache.xerces.internal.impl.dv.DatatypeException
Loading class com.sun.org.apache.xerces.internal.impl.dv.ValidationContext
Loading class com.sun.org.apache.xerces.internal.impl.validation.ValidationState
Loading class com.sun.org.apache.xerces.internal.impl.dtd.XMLElementDecl
Loading class com.sun.org.apache.xerces.internal.impl.dtd.XMLSimpleType
Loading class com.sun.org.apache.xerces.internal.impl.dtd.XMLAttributeDecl
Loading class com.sun.org.apache.xerces.internal.impl.dtd.DTDGrammarBucket
Loading class com.sun.org.apache.xerces.internal.impl.dv.DTDDVFactory
Loading class com.sun.org.apache.xerces.internal.impl.dv.DVFactoryException
Loading class com.sun.org.apache.xerces.internal.utils.ObjectFactory
Loading class com.sun.org.apache.xerces.internal.utils.ConfigurationError
Loading class com.sun.org.apache.xerces.internal.utils.SecuritySupport
Loading class com.sun.org.apache.xerces.internal.utils.SecuritySupport$4
Loading class com.sun.org.apache.xerces.internal.utils.SecuritySupport$1
Loading class com.sun.org.apache.xerces.internal.utils.SecuritySupport$2
Loading class com.sun.org.apache.xerces.internal.impl.dv.dtd.DTDDVFactoryImpl
Loading class com.sun.org.apache.xerces.internal.impl.dv.DatatypeValidator
Loading class com.sun.org.apache.xerces.internal.impl.dv.dtd.StringDatatypeValidator
Loading class com.sun.org.apache.xerces.internal.impl.dv.dtd.IDDatatypeValidator
Loading class com.sun.org.apache.xerces.internal.impl.dv.dtd.IDREFDatatypeValidator
Loading class com.sun.org.apache.xerces.internal.impl.dv.dtd.ListDatatypeValidator
Loading class com.sun.org.apache.xerces.internal.impl.dv.dtd.ENTITYDatatypeValidator
Loading class com.sun.org.apache.xerces.internal.impl.dv.dtd.NOTATIONDatatypeValidator
Loading class com.sun.org.apache.xerces.internal.impl.dv.dtd.NMTOKENDatatypeValidator
Loading class com.sun.org.apache.xerces.internal.impl.validation.ValidationManager
Loading class com.sun.org.apache.xerces.internal.impl.XMLVersionDetector
Loading class com.sun.org.apache.xerces.internal.impl.msg.XMLMessageFormatter
Loading class com.sun.org.apache.xerces.internal.util.FeatureState
Loading class com.sun.org.apache.xerces.internal.util.Status
Loading class com.sun.org.apache.xerces.internal.util.PropertyState
Loading class com.sun.org.apache.xerces.internal.util.SecurityManager
Loading class com.sun.org.apache.xerces.internal.util.SecurityManager$1
Loading class com.sun.org.apache.xerces.internal.dom.DocumentImpl
Loading class org.w3c.dom.traversal.DocumentTraversal
Loading class org.w3c.dom.events.DocumentEvent
Loading class org.w3c.dom.ranges.DocumentRange
Loading class com.sun.org.apache.xerces.internal.dom.CoreDocumentImpl
Loading class com.sun.org.apache.xerces.internal.dom.ParentNode
Loading class com.sun.org.apache.xerces.internal.dom.ChildNode
Loading class com.sun.org.apache.xerces.internal.dom.NodeImpl
Loading class org.w3c.dom.NodeList
Loading class org.w3c.dom.events.EventTarget
Loading class org.w3c.dom.DOMException
Loading class org.w3c.dom.CDATASection
Loading class org.w3c.dom.Text
Loading class org.w3c.dom.CharacterData
Loading class org.w3c.dom.Element
Loading class org.w3c.dom.DocumentType
Loading class org.w3c.dom.DocumentFragment
Loading class org.w3c.dom.Comment
Loading class org.w3c.dom.ProcessingInstruction
Loading class org.w3c.dom.Attr
Loading class org.w3c.dom.EntityReference
Loading class org.w3c.dom.DOMConfiguration
Loading class com.sun.org.apache.xerces.internal.dom.ElementNSImpl
Loading class com.sun.org.apache.xerces.internal.dom.ElementImpl
Loading class org.w3c.dom.TypeInfo
Loading class com.sun.org.apache.xerces.internal.dom.AttrNSImpl
Loading class com.sun.org.apache.xerces.internal.dom.AttrImpl
Loading class org.w3c.dom.Entity
Loading class org.w3c.dom.Notation
Loading class org.w3c.dom.traversal.NodeIterator
Loading class org.w3c.dom.traversal.TreeWalker
Loading class org.w3c.dom.ranges.Range
Loading class org.w3c.dom.events.Event
Loading class org.w3c.dom.events.EventException
Loading class org.w3c.dom.events.MutationEvent
Loading class com.sun.org.apache.xerces.internal.util.XMLChar
Loading class org.w3c.dom.NamedNodeMap
Loading class com.sun.org.apache.xerces.internal.dom.TextImpl
Loading class com.sun.org.apache.xerces.internal.dom.CharacterDataImpl
Loading class com.sun.org.apache.xerces.internal.dom.AttributeMap
Loading class com.sun.org.apache.xerces.internal.dom.NamedNodeMapImpl
Loading class org.apache.tools.ant.util.DateUtils
Loading class org.junit.runner.Description
Loading class org.junit.runner.notification.RunNotifier$3
Loading class org.junit.runner.notification.RunNotifier$SafeNotifier
Loading class junit.framework.JUnit4TestCaseFacade
Loading class org.apache.tools.ant.taskdefs.optional.junit.JUnitVersionHelper
Loading class junit.framework.ComparisonFailure
Loading class org.apache.tools.ant.taskdefs.optional.junit.JUnitTaskMirrorImpl$VmExitErrorTest
Loading class org.junit.runner.notification.Failure
Loading class org.junit.runner.notification.RunNotifier$4
Loading class junit.framework.TestFailure
Loading class com.sun.org.apache.xerces.internal.dom.CharacterDataImpl$1
Loading class org.junit.runner.notification.RunNotifier$7
]]></system-out>
  <system-err><![CDATA[]]></system-err>
</testsuite>
